<?xml version="1.0" encoding="UTF-8"?>
<!-- Generated by org.testng.reporters.JUnitXMLReporter -->
<testsuite ignored="1" hostname="admin-PC" failures="0" tests="4" name="Whatuni Functional Regression Test" time="38.356" errors="0" timestamp="10 Jun 2020 21:40:29 GMT">
  <testcase classname="com.whatuni.tests.HomePageTest$LoginPageTest" name="verifyHomePageTitle" time="5.074"/>
  <testcase classname="com.whatuni.tests.LoginPageTest" name="verifyLoginPageTitleTest" time="5.016"/>
  <testcase classname="com.whatuni.tests.LoginPageTest" name="verifySignInLinkTest" time="0.141"/>
  <testcase classname="com.whatuni.tests.LoginPageTest" name="verifyLoginTest" time="1.877"/>
  <testcase classname="com.whatuni.tests.HomePageTest$LoginPageTest" name="verifyHomePageHeader1" time="0.0">
    <ignored/>
  </testcase> <!-- verifyHomePageHeader1 -->
</testsuite> <!-- Whatuni Functional Regression Test -->
